Array
(
    [country] => England
    [league_name] => Premier League
    [events] => Array
        (
            [0] => Array
                (
                    [host_team] => Aston Villa
                    [guest_team] => West Ham United
                    [event_date] => 15:00
                    [host_team_odds] => 1.54
                    [draw_odds] => 2.28
                    [guest_team_odds] => 2.16
                )

            [1] => Array
                (
                    [host_team] => Bournemouth
                    [guest_team] => Crystal Palace
                    [event_date] => 15:00
                    [host_team_odds] => 1.25
                    [draw_odds] => 2.52
                    [guest_team_odds] => 2.48
                )

            [2] => Array
                (
                    [host_team] => Chelsea
                    [guest_team] => Watford
                    [event_date] => 15:00
                    [host_team_odds] => 0.5
                    [draw_odds] => 3.6
                    [guest_team_odds] => 6.6
                )

            [3] => Array
                (
                    [host_team] => Liverpool
                    [guest_team] => Leicester City
                    [event_date] => 15:00
                    [host_team_odds] => 1.07
                    [draw_odds] => 2.88
                    [guest_team_odds] => 2.64
                )

            [4] => Array
                (
                    [host_team] => Manchester City
                    [guest_team] => Sunderland
                    [event_date] => 15:00
                    [host_team_odds] => 0.23
                    [draw_odds] => 6.5
                    [guest_team_odds] => 13.5
                )

            [5] => Array
                (
                    [host_team] => Swansea City
                    [guest_team] => West Bromwich Albion
                    [event_date] => 15:00
                    [host_team_odds] => 0.97
                    [draw_odds] => 2.4
                    [guest_team_odds] => 3.7
                )

            [6] => Array
                (
                    [host_team] => Tottenham Hotspur
                    [guest_team] => Norwich City
                    [event_date] => 15:00
                    [host_team_odds] => 0.46
                    [draw_odds] => 3.75
                    [guest_team_odds] => 7.3
                )

            [7] => Array
                (
                    [host_team] => Newcastle United
                    [guest_team] => Everton
                    [event_date] => 17:30
                    [host_team_odds] => 2.58
                    [draw_odds] => 2.62
                    [guest_team_odds] => 1.17
                )

            [8] => Array
                (
                    [host_team] => Southampton
                    [guest_team] => Arsenal
                    [event_date] => 19:45
                    [host_team_odds] => 2.3
                    [draw_odds] => 2.46
                    [guest_team_odds] => 1.36
                )

            [9] => Array
                (
                    [host_team] => Crystal Palace
                    [guest_team] => Swansea City
                    [event_date] => 28 Dec 15:00
                    [host_team_odds] => 0.96
                    [draw_odds] => 2.55
                    [guest_team_odds] => 3.5
                )

            [10] => Array
                (
                    [host_team] => Everton
                    [guest_team] => Stoke City
                    [event_date] => 28 Dec 15:00
                    [host_team_odds] => 1.1
                    [draw_odds] => 2.48
                    [guest_team_odds] => 2.98
                )

            [11] => Array
                (
                    [host_team] => Norwich City
                    [guest_team] => Aston Villa
                    [event_date] => 28 Dec 15:00
                    [host_team_odds] => 1.03
                    [draw_odds] => 2.55
                    [guest_team_odds] => 3.15
                )

            [12] => Array
                (
                    [host_team] => Watford
                    [guest_team] => Tottenham Hotspur
                    [event_date] => 28 Dec 15:00
                    [host_team_odds] => 2.82
                    [draw_odds] => 2.5
                    [guest_team_odds] => 1.14
                )

            [13] => Array
                (
                    [host_team] => West Bromwich Albion
                    [guest_team] => Newcastle United
                    [event_date] => 28 Dec 15:00
                    [host_team_odds] => 1.26
                    [draw_odds] => 2.4
                    [guest_team_odds] => 2.58
                )

            [14] => Array
                (
                    [host_team] => Arsenal
                    [guest_team] => Bournemouth
                    [event_date] => 28 Dec 17:30
                    [host_team_odds] => 0.42
                    [draw_odds] => 4
                    [guest_team_odds] => 7.9
                )

            [15] => Array
                (
                    [host_team] => Manchester United
                    [guest_team] => Chelsea
                    [event_date] => 28 Dec 17:30
                    [host_team_odds] => 1.72
                    [draw_odds] => 2.3
                    [guest_team_odds] => 1.9
                )

            [16] => Array
                (
                    [host_team] => West Ham United
                    [guest_team] => Southampton
                    [event_date] => 28 Dec 17:30
                    [host_team_odds] => 2.52
                    [draw_odds] => 2.34
                    [guest_team_odds] => 1.32
                )

            [17] => Array
                (
                    [host_team] => Leicester City
                    [guest_team] => Manchester City
                    [event_date] => 29 Dec 19:45
                    [host_team_odds] => 2.9
                    [draw_odds] => 2.95
                    [guest_team_odds] => 0.98
                )

            [18] => Array
                (
                    [host_team] => Sunderland
                    [guest_team] => Liverpool
                    [event_date] => 30 Dec 19:45
                    [host_team_odds] => 4.5
                    [draw_odds] => 2.8
                    [guest_team_odds] => 0.76
                )

            [19] => Array
                (
                    [host_team] => West Ham United
                    [guest_team] => Liverpool
                    [event_date] => 02 Jan 2016 12:45
                    [host_team_odds] => 2.75
                    [draw_odds] => 2.6
                    [guest_team_odds] => 1.12
                )

            [20] => Array
                (
                    [host_team] => Arsenal
                    [guest_team] => Newcastle United
                    [event_date] => 02 Jan 2016 15:00
                    [host_team_odds] => 0.28
                    [draw_odds] => 5.2
                    [guest_team_odds] => 13
                )

            [21] => Array
                (
                    [host_team] => Leicester City
                    [guest_team] => Bournemouth
                    [event_date] => 02 Jan 2016 15:00
                    [host_team_odds] => 0.75
                    [draw_odds] => 2.86
                    [guest_team_odds] => 4.4
                )

            [22] => Array
                (
                    [host_team] => Manchester United
                    [guest_team] => Swansea City
                    [event_date] => 02 Jan 2016 15:00
                    [host_team_odds] => 0.56
                    [draw_odds] => 3.3333333333333
                    [guest_team_odds] => 6
                )

            [23] => Array
                (
                    [host_team] => Norwich City
                    [guest_team] => Southampton
                    [event_date] => 02 Jan 2016 15:00
                    [host_team_odds] => 2.25
                    [draw_odds] => 2.52
                    [guest_team_odds] => 1.36
                )

            [24] => Array
                (
                    [host_team] => Sunderland
                    [guest_team] => Aston Villa
                    [event_date] => 02 Jan 2016 15:00
                    [host_team_odds] => 1.24
                    [draw_odds] => 2.55
                    [guest_team_odds] => 2.48
                )

            [25] => Array
                (
                    [host_team] => West Bromwich Albion
                    [guest_team] => Stoke City
                    [event_date] => 02 Jan 2016 15:00
                    [host_team_odds] => 1.52
                    [draw_odds] => 2.36
                    [guest_team_odds] => 2.125
                )

            [26] => Array
                (
                    [host_team] => Watford
                    [guest_team] => Manchester City
                    [event_date] => 02 Jan 2016 17:30
                    [host_team_odds] => 5
                    [draw_odds] => 3.1
                    [guest_team_odds] => 0.66
                )

            [27] => Array
                (
                    [host_team] => Crystal Palace
                    [guest_team] => Chelsea
                    [event_date] => 03 Jan 2016 13:30
                    [host_team_odds] => 2.38
                    [draw_odds] => 2.5
                    [guest_team_odds] => 1.31
                )

            [28] => Array
                (
                    [host_team] => Everton
                    [guest_team] => Tottenham Hotspur
                    [event_date] => 03 Jan 2016 16:00
                    [host_team_odds] => 1.66
                    [draw_odds] => 2.58
                    [guest_team_odds] => 1.78
                )

        )

)

